[23:42:41] [ServerMain/INFO]: Environment: Environment[sessionHost=https://sessionserver.mojang.com, servicesHost=https://api.minecraftservices.com, name=PROD]
[23:42:43] [ServerMain/INFO]: Loaded 1407 recipes
[23:42:43] [ServerMain/INFO]: Loaded 1520 advancements
[23:42:43] [Server thread/INFO]: Starting minecraft server version 1.21.8
[23:42:43] [Server thread/INFO]: Loading properties
[23:42:43] [Server thread/INFO]: Default game type: SURVIVAL
[23:42:43] [Server thread/INFO]: Generating keypair
[23:42:43] [Server thread/INFO]: Starting Minecraft server on *:25565
[23:42:43] [Server thread/INFO]: Using epoll channel type
[23:42:43] [Server thread/WARN]: **** SERVER IS RUNNING IN OFFLINE/INSECURE MODE!
[23:42:43] [Server thread/WARN]: The server will make no attempt to authenticate usernames. Beware.
[23:42:43] [Server thread/WARN]: While this makes the game possible to play without internet access, it also opens up the ability for hackers to connect with any username they choose.
[23:42:43] [Server thread/WARN]: To change this, set "online-mode" to "true" in the server.properties file.
[23:42:43] [Server thread/INFO]: Preparing level "world"
[23:42:44] [Server thread/INFO]: Preparing start region for dimension minecraft:overworld
[23:42:47] [Worker-Main-3/INFO]: Preparing spawn area: 0%
[23:42:47] [Worker-Main-3/INFO]: Preparing spawn area: 0%
[23:42:47] [Worker-Main-3/INFO]: Preparing spawn area: 0%
[23:42:47] [Worker-Main-3/INFO]: Preparing spawn area: 0%
[23:42:47] [Worker-Main-3/INFO]: Preparing spawn area: 0%
[23:42:47] [Worker-Main-3/INFO]: Preparing spawn area: 0%
[23:42:47] [Worker-Main-3/INFO]: Preparing spawn area: 0%
[23:42:47] [Worker-Main-3/INFO]: Preparing spawn area: 0%
[23:42:48] [Server thread/INFO]: Time elapsed: 3822 ms
[23:42:48] [Server thread/INFO]: Done (4.143s)! For help, type "help"
[23:42:55] [Server thread/INFO]: Lastsamurai[/100.86.153.58:65117] logged in with entity id 12 at (-720.5000620656715, 63.0, -1009.5690671690227)
[23:42:55] [Server thread/INFO]: Lastsamurai joined the game
